<?xml version="1.0" encoding="UTF-8"?>
<!-- Generated by org.testng.reporters.JUnitXMLReporter -->
<testsuite ignored="0" hostname="C02CCE8TMD6M" failures="5" tests="9" name="Test" time="15.236" errors="0" timestamp="2023-05-04T10:08:02 IST">
  <testcase classname="api.test.UserTests" name="testPostUser" time="2.399"/>
  <testcase classname="api.test.UserTests" name="testGetUserByName" time="1.584"/>
  <testcase classname="api.test.UserTests" name="testUpdateUserByName" time="2.454"/>
  <testcase classname="api.test.UserTests" name="testDeleteUserByName" time="1.534"/>
  <testcase classname="api.test.DDTests" name="testPostUser" time="0.869">
    <failure type="org.testng.internal.reflect.MethodMatcherException" message="
[public void api.test.DDTests.testPostUser(java.lang.String,java.lang.String,java.lang.String,java.lang.String,java.lang.String,java.lang.String,java.lang.String)] has no parameters defined but was found to be using a data provider (either explicitly specified or inherited from class level annotation).
Data provider mismatch
Method: testPostUser([java.lang.String arg0, java.lang.String arg1, java.lang.String arg2, java.lang.String arg3, java.lang.String arg4, java.lang.String arg5, java.lang.String arg6])
Arguments: [(java.lang.String) 1010,(java.lang.String) testuser1,(java.lang.String) Jack,(java.lang.String) Ma,(java.lang.String) a@gmail.com,(java.lang.String) test@1,(java.lang.String) 1234567890,(java.lang.String) ]">
      <![CDATA[org.testng.internal.reflect.MethodMatcherException: 
[public void api.test.DDTests.testPostUser(java.lang.String,java.lang.String,java.lang.String,java.lang.String,java.lang.String,java.lang.String,java.lang.String)] has no parameters defined but was found to be using a data provider (either explicitly specified or inherited from class level annotation).
Data provider mismatch
Method: testPostUser([java.lang.String arg0, java.lang.String arg1, java.lang.String arg2, java.lang.String arg3, java.lang.String arg4, java.lang.String arg5, java.lang.String arg6])
Arguments: [(java.lang.String) 1010,(java.lang.String) testuser1,(java.lang.String) Jack,(java.lang.String) Ma,(java.lang.String) a@gmail.com,(java.lang.String) test@1,(java.lang.String) 1234567890,(java.lang.String) ]
at java.base/java.util.ArrayList.forEach(ArrayList.java:1511)
... Removed 22 stack frames]]>
    </failure>
  </testcase> <!-- testPostUser -->
  <testcase classname="api.test.DDTests" name="testDeleteUserByName" time="1.45">
    <failure type="java.lang.AssertionError" message="expected:&amp;lt;404&amp;gt; but was:&amp;lt;200&amp;gt;">
      <![CDATA[java.lang.AssertionError: expected:<404> but was:<200>
at api.test.DDTests.testDeleteUserByName(DDTests.java:36)
at java.base/java.util.ArrayList.forEach(ArrayList.java:1511)
... Removed 30 stack frames]]>
    </failure>
  </testcase> <!-- testDeleteUserByName -->
  <testcase classname="api.test.DDTests" name="testDeleteUserByName" time="1.534">
    <failure type="java.lang.AssertionError" message="expected:&amp;lt;404&amp;gt; but was:&amp;lt;200&amp;gt;">
      <![CDATA[java.lang.AssertionError: expected:<404> but was:<200>
at api.test.DDTests.testDeleteUserByName(DDTests.java:36)
at java.base/java.util.ArrayList.forEach(ArrayList.java:1511)
... Removed 30 stack frames]]>
    </failure>
  </testcase> <!-- testDeleteUserByName -->
  <testcase classname="api.test.DDTests" name="testDeleteUserByName" time="1.535">
    <failure type="java.lang.AssertionError" message="expected:&amp;lt;404&amp;gt; but was:&amp;lt;200&amp;gt;">
      <![CDATA[java.lang.AssertionError: expected:<404> but was:<200>
at api.test.DDTests.testDeleteUserByName(DDTests.java:36)
at java.base/java.util.ArrayList.forEach(ArrayList.java:1511)
... Removed 30 stack frames]]>
    </failure>
  </testcase> <!-- testDeleteUserByName -->
  <testcase classname="api.test.DDTests" name="testDeleteUserByName" time="1.534">
    <failure type="java.lang.AssertionError" message="expected:&amp;lt;405&amp;gt; but was:&amp;lt;200&amp;gt;">
      <![CDATA[java.lang.AssertionError: expected:<405> but was:<200>
at api.test.DDTests.testDeleteUserByName(DDTests.java:36)
at java.base/java.util.ArrayList.forEach(ArrayList.java:1511)
... Removed 30 stack frames]]>
    </failure>
  </testcase> <!-- testDeleteUserByName -->
</testsuite> <!-- Test -->
