<?xml version="1.0" encoding="UTF-8"?>
<!-- Generated by org.testng.reporters.JUnitXMLReporter -->
<testsuite ignored="0" hostname="C02CCE8TMD6M" failures="0" tests="4" name="Default test" time="7.447" errors="0" timestamp="2023-05-09T10:55:57 IST">
  <testcase classname="api.test.UserTests" name="testPostUser" time="2.436"/>
  <testcase classname="api.test.UserTests" name="testGetUserByName" time="1.196"/>
  <testcase classname="api.test.UserTests" name="testUpdateUserByName" time="2.381"/>
  <testcase classname="api.test.UserTests" name="testDeleteUserByName" time="1.254"/>
</testsuite> <!-- Default test -->
